  t.c
c:\users\administrator\desktop\test\clickrun\clickrun\t.c(138): warning C4133: “=”: 从“HFONT”到“HWND”的类型不兼容
c:\users\administrator\desktop\test\clickrun\clickrun\t.c(139): warning C4133: “函数”: 从“HWND”到“HINSTANCE”的类型不兼容
c:\users\administrator\desktop\test\clickrun\clickrun\t.c(140): warning C4133: “函数”: 从“HWND”到“HINSTANCE”的类型不兼容
c:\users\administrator\desktop\test\clickrun\clickrun\t.c(141): warning C4133: “函数”: 从“HWND”到“HINSTANCE”的类型不兼容
c:\users\administrator\desktop\test\clickrun\clickrun\t.c(142): warning C4133: “函数”: 从“HWND”到“HINSTANCE”的类型不兼容
c:\users\administrator\desktop\test\clickrun\clickrun\t.c(143): warning C4133: “函数”: 从“HWND”到“HINSTANCE”的类型不兼容
c:\users\administrator\desktop\test\clickrun\clickrun\t.c(144): warning C4133: “函数”: 从“HWND”到“HINSTANCE”的类型不兼容
c:\users\administrator\desktop\test\clickrun\clickrun\t.c(145): warning C4133: “函数”: 从“HWND”到“HINSTANCE”的类型不兼容
c:\users\administrator\desktop\test\clickrun\clickrun\t.c(146): warning C4133: “函数”: 从“HWND”到“HINSTANCE”的类型不兼容
c:\users\administrator\desktop\test\clickrun\clickrun\t.c(147): warning C4133: “函数”: 从“HWND”到“HINSTANCE”的类型不兼容
c:\users\administrator\desktop\test\clickrun\clickrun\t.c(148): warning C4133: “函数”: 从“HWND”到“HINSTANCE”的类型不兼容
c:\users\administrator\desktop\test\clickrun\clickrun\t.c(149): warning C4133: “函数”: 从“HWND”到“HINSTANCE”的类型不兼容
c:\users\administrator\desktop\test\clickrun\clickrun\t.c(150): warning C4133: “函数”: 从“HWND”到“HINSTANCE”的类型不兼容
c:\users\administrator\desktop\test\clickrun\clickrun\t.c(153): warning C4047: “函数”:“LPARAM”与“void *”的间接级别不同
c:\users\administrator\desktop\test\clickrun\clickrun\t.c(153): warning C4024: “SendMessageW”: 形参和实参 4 的类型不同
c:\users\administrator\desktop\test\clickrun\clickrun\t.c(154): warning C4047: “函数”:“LPARAM”与“void *”的间接级别不同
c:\users\administrator\desktop\test\clickrun\clickrun\t.c(154): warning C4024: “SendMessageW”: 形参和实参 4 的类型不同
c:\users\administrator\desktop\test\clickrun\clickrun\t.c(155): warning C4047: “函数”:“LPARAM”与“void *”的间接级别不同
c:\users\administrator\desktop\test\clickrun\clickrun\t.c(155): warning C4024: “SendMessageW”: 形参和实参 4 的类型不同
c:\users\administrator\desktop\test\clickrun\clickrun\t.c(156): warning C4047: “函数”:“LPARAM”与“void *”的间接级别不同
c:\users\administrator\desktop\test\clickrun\clickrun\t.c(156): warning C4024: “SendMessageW”: 形参和实参 4 的类型不同
c:\users\administrator\desktop\test\clickrun\clickrun\t.c(157): warning C4047: “函数”:“LPARAM”与“void *”的间接级别不同
c:\users\administrator\desktop\test\clickrun\clickrun\t.c(157): warning C4024: “SendMessageW”: 形参和实参 4 的类型不同
c:\users\administrator\desktop\test\clickrun\clickrun\t.c(158): warning C4047: “函数”:“LPARAM”与“void *”的间接级别不同
c:\users\administrator\desktop\test\clickrun\clickrun\t.c(158): warning C4024: “SendMessageW”: 形参和实参 4 的类型不同
c:\users\administrator\desktop\test\clickrun\clickrun\t.c(159): warning C4047: “函数”:“LPARAM”与“void *”的间接级别不同
c:\users\administrator\desktop\test\clickrun\clickrun\t.c(159): warning C4024: “SendMessageW”: 形参和实参 4 的类型不同
c:\users\administrator\desktop\test\clickrun\clickrun\t.c(160): warning C4047: “函数”:“LPARAM”与“void *”的间接级别不同
c:\users\administrator\desktop\test\clickrun\clickrun\t.c(160): warning C4024: “SendMessageW”: 形参和实参 4 的类型不同
c:\users\administrator\desktop\test\clickrun\clickrun\t.c(161): warning C4047: “函数”:“LPARAM”与“void *”的间接级别不同
c:\users\administrator\desktop\test\clickrun\clickrun\t.c(161): warning C4024: “SendMessageW”: 形参和实参 4 的类型不同
c:\users\administrator\desktop\test\clickrun\clickrun\t.c(163): warning C4047: “函数”:“LPARAM”与“unsigned short [16]”的间接级别不同
c:\users\administrator\desktop\test\clickrun\clickrun\t.c(163): warning C4024: “SendMessageW”: 形参和实参 4 的类型不同
c:\users\administrator\desktop\test\clickrun\clickrun\t.c(164): warning C4047: “函数”:“LPARAM”与“unsigned short [14]”的间接级别不同
c:\users\administrator\desktop\test\clickrun\clickrun\t.c(164): warning C4024: “SendMessageW”: 形参和实参 4 的类型不同
c:\users\administrator\desktop\test\clickrun\clickrun\t.c(167): warning C4047: “函数”:“LPARAM”与“TCHAR [4]”的间接级别不同
c:\users\administrator\desktop\test\clickrun\clickrun\t.c(167): warning C4024: “SendMessageW”: 形参和实参 4 的类型不同
c:\users\administrator\desktop\test\clickrun\clickrun\t.c(189): warning C4047: “函数”:“LPARAM”与“unsigned short [7]”的间接级别不同
c:\users\administrator\desktop\test\clickrun\clickrun\t.c(189): warning C4024: “SendMessageW”: 形参和实参 4 的类型不同
c:\users\administrator\desktop\test\clickrun\clickrun\t.c(223): warning C4047: “函数”:“UINT”与“void *”的间接级别不同
c:\users\administrator\desktop\test\clickrun\clickrun\t.c(223): warning C4024: “RegisterHotKey”: 形参和实参 3 的类型不同
c:\users\administrator\desktop\test\clickrun\clickrun\t.c(234): warning C4047: “函数”:“LPARAM”与“unsigned short [7]”的间接级别不同
c:\users\administrator\desktop\test\clickrun\clickrun\t.c(234): warning C4024: “SendMessageW”: 形参和实参 4 的类型不同
c:\users\administrator\desktop\test\clickrun\clickrun\t.c(266): warning C4028: 形参 3 与声明不同
  正在生成代码
  0 of 5 functions ( 0.0%) were compiled, the rest were copied from previous compilation.
    0 functions were new in current compilation
    0 functions had inline decision re-evaluated but remain unchanged
  已完成代码的生成
  ClickRun.vcxproj -> C:\Users\Administrator\Desktop\Test\ClickRun\Release\ClickRun.exe
